2017-12-29 04:33:15 [main] DEBUG UserDAOTest:30 - User [id=1, name=»‚‡Ì, surname=»‚‡ÌÓ‚, patronymic=»‚‡ÌÓ‚Ë˜, mobilePhone=+375291111111, email=test@test.by, login=test, password=d8578edf8458ce06fbc5bb76a58c5ca4, lastEnterDateTime=Wed Jul 11 11:00:00 BRT 3917, status=0, blockDateTime=null, balance=100.00, role=Role [id=1, name=user]]
2017-12-29 04:33:15 [main] DEBUG UserDAOTest:31 - User [id=1, name=»‚‡Ì, surname=»‚‡ÌÓ‚, patronymic=»‚‡ÌÓ‚Ë˜, mobilePhone=+375291111111, email=test@test.by, login=test, password=d8578edf8458ce06fbc5bb76a58c5ca4, lastEnterDateTime=Wed Jul 11 11:00:00 BRT 3917, status=0, blockDateTime=null, balance=100.00, role=Role [id=1, name=user]]
2017-12-29 04:46:18 [main] DEBUG UserDAOTest:30 - User [id=1, name=»‚‡Ì, surname=»‚‡ÌÓ‚, patronymic=»‚‡ÌÓ‚Ë˜, mobilePhone=+375291111111, email=test@test.by, login=test, password=d8578edf8458ce06fbc5bb76a58c5ca4, lastEnterDateTime=Wed Jul 11 11:00:00 BRT 3917, status=0, blockDateTime=null, balance=100.00, role=Role [id=1, name=user]]
2017-12-29 04:46:18 [main] DEBUG UserDAOTest:31 - User [id=1, name=»‚‡Ì, surname=»‚‡ÌÓ‚, patronymic=»‚‡ÌÓ‚Ë˜, mobilePhone=+375291111111, email=test@test.by, login=test, password=d8578edf8458ce06fbc5bb76a58c5ca4, lastEnterDateTime=Wed Jul 11 11:00:00 BRT 3917, status=0, blockDateTime=null, balance=100.00, role=Role [id=1, name=user]]
2017-12-29 05:08:33 [main] DEBUG UserDAOTest:30 - User [id=1, name=»‚‡Ì, surname=»‚‡ÌÓ‚, patronymic=»‚‡ÌÓ‚Ë˜, mobilePhone=+375291111111, email=test@test.by, login=test, password=d8578edf8458ce06fbc5bb76a58c5ca4, lastEnterDateTime=Wed Jul 11 11:00:00 BRT 3917, status=0, blockDateTime=null, balance=100.00, role=Role [id=1, name=user]]
2017-12-29 05:08:33 [main] DEBUG UserDAOTest:31 - User [id=1, name=»‚‡Ì, surname=»‚‡ÌÓ‚, patronymic=»‚‡ÌÓ‚Ë˜, mobilePhone=+375291111111, email=test@test.by, login=test, password=d8578edf8458ce06fbc5bb76a58c5ca4, lastEnterDateTime=Wed Jul 11 11:00:00 BRT 3917, status=0, blockDateTime=null, balance=100.00, role=Role [id=1, name=user]]
2018-01-04 09:47:51 [main] DEBUG BicycleDAOTest:25 - [null, null, null, null, null, null, null, null, null, null, null, null, null, null, null, null, null, null, null, null, null]
2018-01-04 09:48:40 [main] DEBUG BicycleDAOTest:25 - [null, null, null, null, null, null, null, null, null, null, null, null, null, null, null, null, null, null, null, null, null]
2018-01-04 09:49:51 [main] DEBUG BicycleDAOTest:25 - [by.epam.bicycle.entity.Bicycle@20, by.epam.bicycle.entity.Bicycle@21, by.epam.bicycle.entity.Bicycle@22, by.epam.bicycle.entity.Bicycle@23, by.epam.bicycle.entity.Bicycle@25, by.epam.bicycle.entity.Bicycle@2d, by.epam.bicycle.entity.Bicycle@2e, by.epam.bicycle.entity.Bicycle@2f, by.epam.bicycle.entity.Bicycle@30, by.epam.bicycle.entity.Bicycle@24, by.epam.bicycle.entity.Bicycle@26, by.epam.bicycle.entity.Bicycle@31, by.epam.bicycle.entity.Bicycle@32, by.epam.bicycle.entity.Bicycle@33, by.epam.bicycle.entity.Bicycle@34, by.epam.bicycle.entity.Bicycle@29, by.epam.bicycle.entity.Bicycle@2a, by.epam.bicycle.entity.Bicycle@2b, by.epam.bicycle.entity.Bicycle@2c, by.epam.bicycle.entity.Bicycle@27, by.epam.bicycle.entity.Bicycle@28]
2018-01-04 09:50:37 [main] DEBUG BicycleDAOTest:26 - by.epam.bicycle.entity.Bicycle@20
2018-01-04 09:50:37 [main] DEBUG BicycleDAOTest:26 - by.epam.bicycle.entity.Bicycle@21
2018-01-04 09:50:37 [main] DEBUG BicycleDAOTest:26 - by.epam.bicycle.entity.Bicycle@22
2018-01-04 09:50:37 [main] DEBUG BicycleDAOTest:26 - by.epam.bicycle.entity.Bicycle@23
2018-01-04 09:50:37 [main] DEBUG BicycleDAOTest:26 - by.epam.bicycle.entity.Bicycle@25
2018-01-04 09:50:37 [main] DEBUG BicycleDAOTest:26 - by.epam.bicycle.entity.Bicycle@2d
2018-01-04 09:50:37 [main] DEBUG BicycleDAOTest:26 - by.epam.bicycle.entity.Bicycle@2e
2018-01-04 09:50:37 [main] DEBUG BicycleDAOTest:26 - by.epam.bicycle.entity.Bicycle@2f
2018-01-04 09:50:37 [main] DEBUG BicycleDAOTest:26 - by.epam.bicycle.entity.Bicycle@30
2018-01-04 09:50:37 [main] DEBUG BicycleDAOTest:26 - by.epam.bicycle.entity.Bicycle@24
2018-01-04 09:50:37 [main] DEBUG BicycleDAOTest:26 - by.epam.bicycle.entity.Bicycle@26
2018-01-04 09:50:37 [main] DEBUG BicycleDAOTest:26 - by.epam.bicycle.entity.Bicycle@31
2018-01-04 09:50:37 [main] DEBUG BicycleDAOTest:26 - by.epam.bicycle.entity.Bicycle@32
2018-01-04 09:50:37 [main] DEBUG BicycleDAOTest:26 - by.epam.bicycle.entity.Bicycle@33
2018-01-04 09:50:37 [main] DEBUG BicycleDAOTest:26 - by.epam.bicycle.entity.Bicycle@34
2018-01-04 09:50:37 [main] DEBUG BicycleDAOTest:26 - by.epam.bicycle.entity.Bicycle@29
2018-01-04 09:50:37 [main] DEBUG BicycleDAOTest:26 - by.epam.bicycle.entity.Bicycle@2a
2018-01-04 09:50:37 [main] DEBUG BicycleDAOTest:26 - by.epam.bicycle.entity.Bicycle@2b
2018-01-04 09:50:37 [main] DEBUG BicycleDAOTest:26 - by.epam.bicycle.entity.Bicycle@2c
2018-01-04 09:50:37 [main] DEBUG BicycleDAOTest:26 - by.epam.bicycle.entity.Bicycle@27
2018-01-04 09:50:37 [main] DEBUG BicycleDAOTest:26 - by.epam.bicycle.entity.Bicycle@28
2018-01-04 09:54:00 [main] DEBUG BicycleDAOTest:26 - Bicycle [id=1, model=null, point=by.epam.bicycle.entity.RentalPoint@20]
2018-01-04 09:54:00 [main] DEBUG BicycleDAOTest:26 - Bicycle [id=2, model=null, point=by.epam.bicycle.entity.RentalPoint@21]
2018-01-04 09:54:00 [main] DEBUG BicycleDAOTest:26 - Bicycle [id=3, model=null, point=by.epam.bicycle.entity.RentalPoint@22]
2018-01-04 09:54:00 [main] DEBUG BicycleDAOTest:26 - Bicycle [id=4, model=null, point=by.epam.bicycle.entity.RentalPoint@23]
2018-01-04 09:54:00 [main] DEBUG BicycleDAOTest:26 - Bicycle [id=6, model=null, point=by.epam.bicycle.entity.RentalPoint@25]
2018-01-04 09:54:00 [main] DEBUG BicycleDAOTest:26 - Bicycle [id=14, model=null, point=by.epam.bicycle.entity.RentalPoint@2d]
2018-01-04 09:54:00 [main] DEBUG BicycleDAOTest:26 - Bicycle [id=15, model=null, point=by.epam.bicycle.entity.RentalPoint@2e]
2018-01-04 09:54:00 [main] DEBUG BicycleDAOTest:26 - Bicycle [id=16, model=null, point=by.epam.bicycle.entity.RentalPoint@2f]
2018-01-04 09:54:00 [main] DEBUG BicycleDAOTest:26 - Bicycle [id=17, model=null, point=by.epam.bicycle.entity.RentalPoint@30]
2018-01-04 09:54:00 [main] DEBUG BicycleDAOTest:26 - Bicycle [id=5, model=null, point=by.epam.bicycle.entity.RentalPoint@24]
2018-01-04 09:54:00 [main] DEBUG BicycleDAOTest:26 - Bicycle [id=7, model=null, point=by.epam.bicycle.entity.RentalPoint@26]
2018-01-04 09:54:00 [main] DEBUG BicycleDAOTest:26 - Bicycle [id=18, model=null, point=by.epam.bicycle.entity.RentalPoint@31]
2018-01-04 09:54:00 [main] DEBUG BicycleDAOTest:26 - Bicycle [id=19, model=null, point=by.epam.bicycle.entity.RentalPoint@32]
2018-01-04 09:54:00 [main] DEBUG BicycleDAOTest:26 - Bicycle [id=20, model=null, point=by.epam.bicycle.entity.RentalPoint@33]
2018-01-04 09:54:00 [main] DEBUG BicycleDAOTest:26 - Bicycle [id=21, model=null, point=by.epam.bicycle.entity.RentalPoint@34]
2018-01-04 09:54:00 [main] DEBUG BicycleDAOTest:26 - Bicycle [id=10, model=null, point=by.epam.bicycle.entity.RentalPoint@29]
2018-01-04 09:54:00 [main] DEBUG BicycleDAOTest:26 - Bicycle [id=11, model=null, point=by.epam.bicycle.entity.RentalPoint@2a]
2018-01-04 09:54:00 [main] DEBUG BicycleDAOTest:26 - Bicycle [id=12, model=null, point=by.epam.bicycle.entity.RentalPoint@2b]
2018-01-04 09:54:00 [main] DEBUG BicycleDAOTest:26 - Bicycle [id=13, model=null, point=by.epam.bicycle.entity.RentalPoint@2c]
2018-01-04 09:54:00 [main] DEBUG BicycleDAOTest:26 - Bicycle [id=8, model=null, point=by.epam.bicycle.entity.RentalPoint@27]
2018-01-04 09:54:00 [main] DEBUG BicycleDAOTest:26 - Bicycle [id=9, model=null, point=by.epam.bicycle.entity.RentalPoint@28]
2018-01-04 09:55:06 [main] DEBUG BicycleDAOTest:26 - Bicycle [id=1, model=null, point=RentalPoint [id=1, address=–≥. –ú–∏–Ω—Å–∫, —É–ª. –°–µ—Ä–æ–≤–∞, –¥.20, phone=+375291111111, workingHours=—Å 09:00 –¥–æ 18:00 (–±–µ–∑ –≤—ã—Ö–æ–¥–Ω—ã—Ö)]]
2018-01-04 09:55:06 [main] DEBUG BicycleDAOTest:26 - Bicycle [id=2, model=null, point=RentalPoint [id=2, address=–≥. –ú–∏–Ω—Å–∫, —É–ª. –°–µ—Ä–æ–≤–∞, –¥.20, phone=+375291111111, workingHours=—Å 09:00 –¥–æ 18:00 (–±–µ–∑ –≤—ã—Ö–æ–¥–Ω—ã—Ö)]]
2018-01-04 09:55:06 [main] DEBUG BicycleDAOTest:26 - Bicycle [id=3, model=null, point=RentalPoint [id=3, address=–≥. –ú–∏–Ω—Å–∫, —É–ª. –°–µ—Ä–æ–≤–∞, –¥.20, phone=+375291111111, workingHours=—Å 09:00 –¥–æ 18:00 (–±–µ–∑ –≤—ã—Ö–æ–¥–Ω—ã—Ö)]]
2018-01-04 09:55:06 [main] DEBUG BicycleDAOTest:26 - Bicycle [id=4, model=null, point=RentalPoint [id=4, address=–≥. –ú–∏–Ω—Å–∫, —É–ª. –°–µ—Ä–æ–≤–∞, –¥.20, phone=+375291111111, workingHours=—Å 09:00 –¥–æ 18:00 (–±–µ–∑ –≤—ã—Ö–æ–¥–Ω—ã—Ö)]]
2018-01-04 09:55:06 [main] DEBUG BicycleDAOTest:26 - Bicycle [id=6, model=null, point=RentalPoint [id=6, address=–≥. –ú–∏–Ω—Å–∫, –ø—Ä. –ù–µ–∑–∞–≤–∏—Å–∏–º–æ—Å—Ç–∏, –¥. 120, phone=+375291111112, workingHours=—Å 09:00 –¥–æ 18:00 (–±–µ–∑ –≤—ã—Ö–æ–¥–Ω—ã—Ö)]]
2018-01-04 09:55:06 [main] DEBUG BicycleDAOTest:26 - Bicycle [id=14, model=null, point=RentalPoint [id=14, address=–≥. –ú–∏–Ω—Å–∫, –ø—Ä. –ù–µ–∑–∞–≤–∏—Å–∏–º–æ—Å—Ç–∏, –¥. 120, phone=+375291111112, workingHours=—Å 09:00 –¥–æ 18:00 (–±–µ–∑ –≤—ã—Ö–æ–¥–Ω—ã—Ö)]]
2018-01-04 09:55:06 [main] DEBUG BicycleDAOTest:26 - Bicycle [id=15, model=null, point=RentalPoint [id=15, address=–≥. –ú–∏–Ω—Å–∫, –ø—Ä. –ù–µ–∑–∞–≤–∏—Å–∏–º–æ—Å—Ç–∏, –¥. 120, phone=+375291111112, workingHours=—Å 09:00 –¥–æ 18:00 (–±–µ–∑ –≤—ã—Ö–æ–¥–Ω—ã—Ö)]]
2018-01-04 09:55:06 [main] DEBUG BicycleDAOTest:26 - Bicycle [id=16, model=null, point=RentalPoint [id=16, address=–≥. –ú–∏–Ω—Å–∫, –ø—Ä. –ù–µ–∑–∞–≤–∏—Å–∏–º–æ—Å—Ç–∏, –¥. 120, phone=+375291111112, workingHours=—Å 09:00 –¥–æ 18:00 (–±–µ–∑ –≤—ã—Ö–æ–¥–Ω—ã—Ö)]]
2018-01-04 09:55:06 [main] DEBUG BicycleDAOTest:26 - Bicycle [id=17, model=null, point=RentalPoint [id=17, address=–≥. –ú–∏–Ω—Å–∫, –ø—Ä. –ù–µ–∑–∞–≤–∏—Å–∏–º–æ—Å—Ç–∏, –¥. 120, phone=+375291111112, workingHours=—Å 09:00 –¥–æ 18:00 (–±–µ–∑ –≤—ã—Ö–æ–¥–Ω—ã—Ö)]]
2018-01-04 09:55:06 [main] DEBUG BicycleDAOTest:26 - Bicycle [id=5, model=null, point=RentalPoint [id=5, address=–≥. –ú–∏–Ω—Å–∫, —É–ª. –Ø.–ö–æ–ª–∞—Å–∞, –¥. 55, phone=+375291111113, workingHours=—Å 09:00 –¥–æ 18:00 (–±–µ–∑ –≤—ã—Ö–æ–¥–Ω—ã—Ö)]]
2018-01-04 09:55:06 [main] DEBUG BicycleDAOTest:26 - Bicycle [id=7, model=null, point=RentalPoint [id=7, address=–≥. –ú–∏–Ω—Å–∫, —É–ª. –Ø.–ö–æ–ª–∞—Å–∞, –¥. 55, phone=+375291111113, workingHours=—Å 09:00 –¥–æ 18:00 (–±–µ–∑ –≤—ã—Ö–æ–¥–Ω—ã—Ö)]]
2018-01-04 09:55:06 [main] DEBUG BicycleDAOTest:26 - Bicycle [id=18, model=null, point=RentalPoint [id=18, address=–≥. –ú–∏–Ω—Å–∫, —É–ª. –Ø.–ö–æ–ª–∞—Å–∞, –¥. 55, phone=+375291111113, workingHours=—Å 09:00 –¥–æ 18:00 (–±–µ–∑ –≤—ã—Ö–æ–¥–Ω—ã—Ö)]]
2018-01-04 09:55:06 [main] DEBUG BicycleDAOTest:26 - Bicycle [id=19, model=null, point=RentalPoint [id=19, address=–≥. –ú–∏–Ω—Å–∫, —É–ª. –Ø.–ö–æ–ª–∞—Å–∞, –¥. 55, phone=+375291111113, workingHours=—Å 09:00 –¥–æ 18:00 (–±–µ–∑ –≤—ã—Ö–æ–¥–Ω—ã—Ö)]]
2018-01-04 09:55:06 [main] DEBUG BicycleDAOTest:26 - Bicycle [id=20, model=null, point=RentalPoint [id=20, address=–≥. –ú–∏–Ω—Å–∫, —É–ª. –Ø.–ö–æ–ª–∞—Å–∞, –¥. 55, phone=+375291111113, workingHours=—Å 09:00 –¥–æ 18:00 (–±–µ–∑ –≤—ã—Ö–æ–¥–Ω—ã—Ö)]]
2018-01-04 09:55:06 [main] DEBUG BicycleDAOTest:26 - Bicycle [id=21, model=null, point=RentalPoint [id=21, address=–≥. –ú–∏–Ω—Å–∫, —É–ª. –Ø.–ö–æ–ª–∞—Å–∞, –¥. 55, phone=+375291111113, workingHours=—Å 09:00 –¥–æ 18:00 (–±–µ–∑ –≤—ã—Ö–æ–¥–Ω—ã—Ö)]]
2018-01-04 09:55:06 [main] DEBUG BicycleDAOTest:26 - Bicycle [id=10, model=null, point=RentalPoint [id=10, address=–≥. –ú–∏–Ω—Å–∫, —É–ª. –°–ª–∞–≤–∏–Ω—Å–∫–æ–≥–æ, –¥. 67, phone=+375291111114, workingHours=—Å 09:00 –¥–æ 19:00 (–±–µ–∑ –≤—ã—Ö–æ–¥–Ω—ã—Ö)]]
2018-01-04 09:55:06 [main] DEBUG BicycleDAOTest:26 - Bicycle [id=11, model=null, point=RentalPoint [id=11, address=–≥. –ú–∏–Ω—Å–∫, —É–ª. –°–ª–∞–≤–∏–Ω—Å–∫–æ–≥–æ, –¥. 67, phone=+375291111114, workingHours=—Å 09:00 –¥–æ 19:00 (–±–µ–∑ –≤—ã—Ö–æ–¥–Ω—ã—Ö)]]
2018-01-04 09:55:06 [main] DEBUG BicycleDAOTest:26 - Bicycle [id=12, model=null, point=RentalPoint [id=12, address=–≥. –ú–∏–Ω—Å–∫, —É–ª. –°–ª–∞–≤–∏–Ω—Å–∫–æ–≥–æ, –¥. 67, phone=+375291111114, workingHours=—Å 09:00 –¥–æ 19:00 (–±–µ–∑ –≤—ã—Ö–æ–¥–Ω—ã—Ö)]]
2018-01-04 09:55:06 [main] DEBUG BicycleDAOTest:26 - Bicycle [id=13, model=null, point=RentalPoint [id=13, address=–≥. –ú–∏–Ω—Å–∫, —É–ª. –°–ª–∞–≤–∏–Ω—Å–∫–æ–≥–æ, –¥. 67, phone=+375291111114, workingHours=—Å 09:00 –¥–æ 19:00 (–±–µ–∑ –≤—ã—Ö–æ–¥–Ω—ã—Ö)]]
2018-01-04 09:55:06 [main] DEBUG BicycleDAOTest:26 - Bicycle [id=8, model=null, point=RentalPoint [id=8, address=–≥. –ú–∏–Ω—Å–∫, —É–ª. –†–µ—á–Ω–∞—è, –¥.89, phone=+375291111115, workingHours=—Å 09:00 –¥–æ 20:00 (–±–µ–∑ –≤—ã—Ö–æ–¥–Ω—ã—Ö)]]
2018-01-04 09:55:06 [main] DEBUG BicycleDAOTest:26 - Bicycle [id=9, model=null, point=RentalPoint [id=9, address=–≥. –ú–∏–Ω—Å–∫, —É–ª. –†–µ—á–Ω–∞—è, –¥.89, phone=+375291111115, workingHours=—Å 09:00 –¥–æ 20:00 (–±–µ–∑ –≤—ã—Ö–æ–¥–Ω—ã—Ö)]]
2018-01-04 10:55:45 [main] DEBUG BicycleDAOTest:26 - Bicycle [id=1, model=null, point=RentalPoint [id=1, address=–≥. –ú–∏–Ω—Å–∫, —É–ª. –°–µ—Ä–æ–≤–∞, –¥.20, phone=+375291111111, workingHours=—Å 09:00 –¥–æ 18:00 (–±–µ–∑ –≤—ã—Ö–æ–¥–Ω—ã—Ö)]]
2018-01-04 10:55:45 [main] DEBUG BicycleDAOTest:26 - Bicycle [id=2, model=null, point=RentalPoint [id=1, address=–≥. –ú–∏–Ω—Å–∫, —É–ª. –°–µ—Ä–æ–≤–∞, –¥.20, phone=+375291111111, workingHours=—Å 09:00 –¥–æ 18:00 (–±–µ–∑ –≤—ã—Ö–æ–¥–Ω—ã—Ö)]]
2018-01-04 10:55:45 [main] DEBUG BicycleDAOTest:26 - Bicycle [id=3, model=null, point=RentalPoint [id=1, address=–≥. –ú–∏–Ω—Å–∫, —É–ª. –°–µ—Ä–æ–≤–∞, –¥.20, phone=+375291111111, workingHours=—Å 09:00 –¥–æ 18:00 (–±–µ–∑ –≤—ã—Ö–æ–¥–Ω—ã—Ö)]]
2018-01-04 10:55:45 [main] DEBUG BicycleDAOTest:26 - Bicycle [id=4, model=null, point=RentalPoint [id=1, address=–≥. –ú–∏–Ω—Å–∫, —É–ª. –°–µ—Ä–æ–≤–∞, –¥.20, phone=+375291111111, workingHours=—Å 09:00 –¥–æ 18:00 (–±–µ–∑ –≤—ã—Ö–æ–¥–Ω—ã—Ö)]]
2018-01-04 10:55:45 [main] DEBUG BicycleDAOTest:26 - Bicycle [id=5, model=null, point=RentalPoint [id=3, address=–≥. –ú–∏–Ω—Å–∫, —É–ª. –Ø.–ö–æ–ª–∞—Å–∞, –¥. 55, phone=+375291111113, workingHours=—Å 09:00 –¥–æ 18:00 (–±–µ–∑ –≤—ã—Ö–æ–¥–Ω—ã—Ö)]]
2018-01-04 10:55:45 [main] DEBUG BicycleDAOTest:26 - Bicycle [id=6, model=null, point=RentalPoint [id=2, address=–≥. –ú–∏–Ω—Å–∫, –ø—Ä. –ù–µ–∑–∞–≤–∏—Å–∏–º–æ—Å—Ç–∏, –¥. 120, phone=+375291111112, workingHours=—Å 09:00 –¥–æ 18:00 (–±–µ–∑ –≤—ã—Ö–æ–¥–Ω—ã—Ö)]]
2018-01-04 10:55:45 [main] DEBUG BicycleDAOTest:26 - Bicycle [id=8, model=null, point=RentalPoint [id=5, address=–≥. –ú–∏–Ω—Å–∫, —É–ª. –†–µ—á–Ω–∞—è, –¥.89, phone=+375291111115, workingHours=—Å 09:00 –¥–æ 20:00 (–±–µ–∑ –≤—ã—Ö–æ–¥–Ω—ã—Ö)]]
2018-01-04 10:55:45 [main] DEBUG BicycleDAOTest:26 - Bicycle [id=10, model=null, point=RentalPoint [id=4, address=–≥. –ú–∏–Ω—Å–∫, —É–ª. –°–ª–∞–≤–∏–Ω—Å–∫–æ–≥–æ, –¥. 67, phone=+375291111114, workingHours=—Å 09:00 –¥–æ 19:00 (–±–µ–∑ –≤—ã—Ö–æ–¥–Ω—ã—Ö)]]
2018-01-04 10:55:45 [main] DEBUG BicycleDAOTest:26 - Bicycle [id=13, model=null, point=RentalPoint [id=4, address=–≥. –ú–∏–Ω—Å–∫, —É–ª. –°–ª–∞–≤–∏–Ω—Å–∫–æ–≥–æ, –¥. 67, phone=+375291111114, workingHours=—Å 09:00 –¥–æ 19:00 (–±–µ–∑ –≤—ã—Ö–æ–¥–Ω—ã—Ö)]]
2018-01-04 10:55:45 [main] DEBUG BicycleDAOTest:26 - Bicycle [id=16, model=null, point=RentalPoint [id=2, address=–≥. –ú–∏–Ω—Å–∫, –ø—Ä. –ù–µ–∑–∞–≤–∏—Å–∏–º–æ—Å—Ç–∏, –¥. 120, phone=+375291111112, workingHours=—Å 09:00 –¥–æ 18:00 (–±–µ–∑ –≤—ã—Ö–æ–¥–Ω—ã—Ö)]]
2018-01-04 10:55:45 [main] DEBUG BicycleDAOTest:26 - Bicycle [id=17, model=null, point=RentalPoint [id=2, address=–≥. –ú–∏–Ω—Å–∫, –ø—Ä. –ù–µ–∑–∞–≤–∏—Å–∏–º–æ—Å—Ç–∏, –¥. 120, phone=+375291111112, workingHours=—Å 09:00 –¥–æ 18:00 (–±–µ–∑ –≤—ã—Ö–æ–¥–Ω—ã—Ö)]]
2018-01-04 10:55:45 [main] DEBUG BicycleDAOTest:26 - Bicycle [id=18, model=null, point=RentalPoint [id=3, address=–≥. –ú–∏–Ω—Å–∫, —É–ª. –Ø.–ö–æ–ª–∞—Å–∞, –¥. 55, phone=+375291111113, workingHours=—Å 09:00 –¥–æ 18:00 (–±–µ–∑ –≤—ã—Ö–æ–¥–Ω—ã—Ö)]]
2018-01-04 10:55:45 [main] DEBUG BicycleDAOTest:26 - Bicycle [id=19, model=null, point=RentalPoint [id=3, address=–≥. –ú–∏–Ω—Å–∫, —É–ª. –Ø.–ö–æ–ª–∞—Å–∞, –¥. 55, phone=+375291111113, workingHours=—Å 09:00 –¥–æ 18:00 (–±–µ–∑ –≤—ã—Ö–æ–¥–Ω—ã—Ö)]]
2018-01-04 10:55:45 [main] DEBUG BicycleDAOTest:26 - Bicycle [id=20, model=null, point=RentalPoint [id=3, address=–≥. –ú–∏–Ω—Å–∫, —É–ª. –Ø.–ö–æ–ª–∞—Å–∞, –¥. 55, phone=+375291111113, workingHours=—Å 09:00 –¥–æ 18:00 (–±–µ–∑ –≤—ã—Ö–æ–¥–Ω—ã—Ö)]]
2018-01-04 10:55:45 [main] DEBUG BicycleDAOTest:26 - Bicycle [id=21, model=null, point=RentalPoint [id=3, address=–≥. –ú–∏–Ω—Å–∫, —É–ª. –Ø.–ö–æ–ª–∞—Å–∞, –¥. 55, phone=+375291111113, workingHours=—Å 09:00 –¥–æ 18:00 (–±–µ–∑ –≤—ã—Ö–æ–¥–Ω—ã—Ö)]]
2018-01-04 10:55:45 [main] DEBUG BicycleDAOTest:26 - Bicycle [id=7, model=null, point=RentalPoint [id=3, address=–≥. –ú–∏–Ω—Å–∫, —É–ª. –Ø.–ö–æ–ª–∞—Å–∞, –¥. 55, phone=+375291111113, workingHours=—Å 09:00 –¥–æ 18:00 (–±–µ–∑ –≤—ã—Ö–æ–¥–Ω—ã—Ö)]]
2018-01-04 10:55:45 [main] DEBUG BicycleDAOTest:26 - Bicycle [id=9, model=null, point=RentalPoint [id=5, address=–≥. –ú–∏–Ω—Å–∫, —É–ª. –†–µ—á–Ω–∞—è, –¥.89, phone=+375291111115, workingHours=—Å 09:00 –¥–æ 20:00 (–±–µ–∑ –≤—ã—Ö–æ–¥–Ω—ã—Ö)]]
2018-01-04 10:55:45 [main] DEBUG BicycleDAOTest:26 - Bicycle [id=11, model=null, point=RentalPoint [id=4, address=–≥. –ú–∏–Ω—Å–∫, —É–ª. –°–ª–∞–≤–∏–Ω—Å–∫–æ–≥–æ, –¥. 67, phone=+375291111114, workingHours=—Å 09:00 –¥–æ 19:00 (–±–µ–∑ –≤—ã—Ö–æ–¥–Ω—ã—Ö)]]
2018-01-04 10:55:45 [main] DEBUG BicycleDAOTest:26 - Bicycle [id=12, model=null, point=RentalPoint [id=4, address=–≥. –ú–∏–Ω—Å–∫, —É–ª. –°–ª–∞–≤–∏–Ω—Å–∫–æ–≥–æ, –¥. 67, phone=+375291111114, workingHours=—Å 09:00 –¥–æ 19:00 (–±–µ–∑ –≤—ã—Ö–æ–¥–Ω—ã—Ö)]]
2018-01-04 10:55:45 [main] DEBUG BicycleDAOTest:26 - Bicycle [id=14, model=null, point=RentalPoint [id=2, address=–≥. –ú–∏–Ω—Å–∫, –ø—Ä. –ù–µ–∑–∞–≤–∏—Å–∏–º–æ—Å—Ç–∏, –¥. 120, phone=+375291111112, workingHours=—Å 09:00 –¥–æ 18:00 (–±–µ–∑ –≤—ã—Ö–æ–¥–Ω—ã—Ö)]]
2018-01-04 10:55:45 [main] DEBUG BicycleDAOTest:26 - Bicycle [id=15, model=null, point=RentalPoint [id=2, address=–≥. –ú–∏–Ω—Å–∫, –ø—Ä. –ù–µ–∑–∞–≤–∏—Å–∏–º–æ—Å—Ç–∏, –¥. 120, phone=+375291111112, workingHours=—Å 09:00 –¥–æ 18:00 (–±–µ–∑ –≤—ã—Ö–æ–¥–Ω—ã—Ö)]]
2018-01-04 11:08:36 [main] DEBUG BicycleDAOTest:26 - Bicycle [id=1, model=BicycleModel [id=1, type=BicycleType [id=1, name=–í–∑—Ä–æ—Å–ª—ã–π], model=Rocco 10, firm=LTD, notes=–≥–æ—Ä–Ω—ã–π, –º–∞—Ç–µ—Ä–∏–∞–ª —Ä–∞–º—ã: —Ö—Ä–æ–º-–º–æ–ª–∏–±–¥–µ–Ω–æ–≤–∞—è —Å—Ç–∞–ª—å, –∫–æ–ª–µ—Å–∞: 26", –∫–æ–ª–∏—á–µ—Å—Ç–≤–æ —Å–∫–æ—Ä–æ—Å—Ç–µ–π: 18, —Ç–∏–ø —Ç–æ—Ä–º–æ–∑–∞: –æ–±–æ–¥–Ω–æ–π –º–µ—Ö–∞–Ω–∏—á–µ—Å–∫–∏–π], point=RentalPoint [id=1, address=–≥. –ú–∏–Ω—Å–∫, —É–ª. –°–µ—Ä–æ–≤–∞, –¥.20, phone=+375291111111, workingHours=—Å 09:00 –¥–æ 18:00 (–±–µ–∑ –≤—ã—Ö–æ–¥–Ω—ã—Ö)]]
2018-01-04 11:08:36 [main] DEBUG BicycleDAOTest:26 - Bicycle [id=2, model=BicycleModel [id=2, type=BicycleType [id=1, name=–í–∑—Ä–æ—Å–ª—ã–π], model=Rocco 30, firm=LTD, notes=–≥–æ—Ä–Ω—ã–π, —Ä–∞–º–∞ –∞–ª—é–º–∏–Ω–∏–π, –∫–æ–ª–µ—Å–∞ 26", —Ç—Ä–∞–Ω—Å–º–∏—Å—Å–∏—è 21 —Å–∫–æ—Ä., —Ç–æ—Ä–º–æ–∑–∞ –æ–±–æ–¥–Ω–æ–π –º–µ—Ö–∞–Ω–∏—á–µ—Å–∫–∏–π + –æ–±–æ–¥–Ω–æ–π –º–µ—Ö–∞–Ω–∏—á–µ—Å–∫–∏–π], point=RentalPoint [id=1, address=–≥. –ú–∏–Ω—Å–∫, —É–ª. –°–µ—Ä–æ–≤–∞, –¥.20, phone=+375291111111, workingHours=—Å 09:00 –¥–æ 18:00 (–±–µ–∑ –≤—ã—Ö–æ–¥–Ω—ã—Ö)]]
2018-01-04 11:08:36 [main] DEBUG BicycleDAOTest:26 - Bicycle [id=3, model=BicycleModel [id=1, type=BicycleType [id=1, name=–í–∑—Ä–æ—Å–ª—ã–π], model=Rocco 10, firm=LTD, notes=–≥–æ—Ä–Ω—ã–π, –º–∞—Ç–µ—Ä–∏–∞–ª —Ä–∞–º—ã: —Ö—Ä–æ–º-–º–æ–ª–∏–±–¥–µ–Ω–æ–≤–∞—è —Å—Ç–∞–ª—å, –∫–æ–ª–µ—Å–∞: 26", –∫–æ–ª–∏—á–µ—Å—Ç–≤–æ —Å–∫–æ—Ä–æ—Å—Ç–µ–π: 18, —Ç–∏–ø —Ç–æ—Ä–º–æ–∑–∞: –æ–±–æ–¥–Ω–æ–π –º–µ—Ö–∞–Ω–∏—á–µ—Å–∫–∏–π], point=RentalPoint [id=1, address=–≥. –ú–∏–Ω—Å–∫, —É–ª. –°–µ—Ä–æ–≤–∞, –¥.20, phone=+375291111111, workingHours=—Å 09:00 –¥–æ 18:00 (–±–µ–∑ –≤—ã—Ö–æ–¥–Ω—ã—Ö)]]
2018-01-04 11:08:36 [main] DEBUG BicycleDAOTest:26 - Bicycle [id=4, model=BicycleModel [id=2, type=BicycleType [id=1, name=–í–∑—Ä–æ—Å–ª—ã–π], model=Rocco 30, firm=LTD, notes=–≥–æ—Ä–Ω—ã–π, —Ä–∞–º–∞ –∞–ª—é–º–∏–Ω–∏–π, –∫–æ–ª–µ—Å–∞ 26", —Ç—Ä–∞–Ω—Å–º–∏—Å—Å–∏—è 21 —Å–∫–æ—Ä., —Ç–æ—Ä–º–æ–∑–∞ –æ–±–æ–¥–Ω–æ–π –º–µ—Ö–∞–Ω–∏—á–µ—Å–∫–∏–π + –æ–±–æ–¥–Ω–æ–π –º–µ—Ö–∞–Ω–∏—á–µ—Å–∫–∏–π], point=RentalPoint [id=1, address=–≥. –ú–∏–Ω—Å–∫, —É–ª. –°–µ—Ä–æ–≤–∞, –¥.20, phone=+375291111111, workingHours=—Å 09:00 –¥–æ 18:00 (–±–µ–∑ –≤—ã—Ö–æ–¥–Ω—ã—Ö)]]
2018-01-04 11:08:36 [main] DEBUG BicycleDAOTest:26 - Bicycle [id=5, model=BicycleModel [id=2, type=BicycleType [id=1, name=–í–∑—Ä–æ—Å–ª—ã–π], model=Rocco 30, firm=LTD, notes=–≥–æ—Ä–Ω—ã–π, —Ä–∞–º–∞ –∞–ª—é–º–∏–Ω–∏–π, –∫–æ–ª–µ—Å–∞ 26", —Ç—Ä–∞–Ω—Å–º–∏—Å—Å–∏—è 21 —Å–∫–æ—Ä., —Ç–æ—Ä–º–æ–∑–∞ –æ–±–æ–¥–Ω–æ–π –º–µ—Ö–∞–Ω–∏—á–µ—Å–∫–∏–π + –æ–±–æ–¥–Ω–æ–π –º–µ—Ö–∞–Ω–∏—á–µ—Å–∫–∏–π], point=RentalPoint [id=3, address=–≥. –ú–∏–Ω—Å–∫, —É–ª. –Ø.–ö–æ–ª–∞—Å–∞, –¥. 55, phone=+375291111113, workingHours=—Å 09:00 –¥–æ 18:00 (–±–µ–∑ –≤—ã—Ö–æ–¥–Ω—ã—Ö)]]
2018-01-04 11:08:36 [main] DEBUG BicycleDAOTest:26 - Bicycle [id=6, model=BicycleModel [id=5, type=BicycleType [id=1, name=–í–∑—Ä–æ—Å–ª—ã–π], model=Miss 3.0, firm=LTD, notes=–≥–æ—Ä–Ω—ã–π, –∂–µ–Ω—Å–∫–∏–π, —Ä–∞–º–∞ –∞–ª—é–º–∏–Ω–∏–π, –∫–æ–ª–µ—Å–∞ 26", —Ç—Ä–∞–Ω—Å–º–∏—Å—Å–∏—è 21 —Å–∫–æ—Ä., —Ç–æ—Ä–º–æ–∑–∞ –æ–±–æ–¥–Ω–æ–π –º–µ—Ö–∞–Ω–∏—á–µ—Å–∫–∏–π + –æ–±–æ–¥–Ω–æ–π –º–µ—Ö–∞–Ω–∏—á–µ—Å–∫–∏–π], point=RentalPoint [id=2, address=–≥. –ú–∏–Ω—Å–∫, –ø—Ä. –ù–µ–∑–∞–≤–∏—Å–∏–º–æ—Å—Ç–∏, –¥. 120, phone=+375291111112, workingHours=—Å 09:00 –¥–æ 18:00 (–±–µ–∑ –≤—ã—Ö–æ–¥–Ω—ã—Ö)]]
2018-01-04 11:08:36 [main] DEBUG BicycleDAOTest:26 - Bicycle [id=8, model=BicycleModel [id=5, type=BicycleType [id=1, name=–í–∑—Ä–æ—Å–ª—ã–π], model=Miss 3.0, firm=LTD, notes=–≥–æ—Ä–Ω—ã–π, –∂–µ–Ω—Å–∫–∏–π, —Ä–∞–º–∞ –∞–ª—é–º–∏–Ω–∏–π, –∫–æ–ª–µ—Å–∞ 26", —Ç—Ä–∞–Ω—Å–º–∏—Å—Å–∏—è 21 —Å–∫–æ—Ä., —Ç–æ—Ä–º–æ–∑–∞ –æ–±–æ–¥–Ω–æ–π –º–µ—Ö–∞–Ω–∏—á–µ—Å–∫–∏–π + –æ–±–æ–¥–Ω–æ–π –º–µ—Ö–∞–Ω–∏—á–µ—Å–∫–∏–π], point=RentalPoint [id=5, address=–≥. –ú–∏–Ω—Å–∫, —É–ª. –†–µ—á–Ω–∞—è, –¥.89, phone=+375291111115, workingHours=—Å 09:00 –¥–æ 20:00 (–±–µ–∑ –≤—ã—Ö–æ–¥–Ω—ã—Ö)]]
2018-01-04 11:08:36 [main] DEBUG BicycleDAOTest:26 - Bicycle [id=10, model=BicycleModel [id=4, type=BicycleType [id=1, name=–í–∑—Ä–æ—Å–ª—ã–π], model=Silent Night, firm=LTD, notes=–≥–æ—Ä–Ω—ã–π, –∂–µ–Ω—Å–∫–∏–π, —Ä–∞–º–∞ –∞–ª—é–º–∏–Ω–∏–π, –∫–æ–ª–µ—Å–∞ 26", —Ç—Ä–∞–Ω—Å–º–∏—Å—Å–∏—è 21 —Å–∫–æ—Ä., —Ç–æ—Ä–º–æ–∑–∞ –æ–±–æ–¥–Ω–æ–π –º–µ—Ö–∞–Ω–∏—á–µ—Å–∫–∏–π + –æ–±–æ–¥–Ω–æ–π –º–µ—Ö–∞–Ω–∏—á–µ—Å–∫–∏–π], point=RentalPoint [id=4, address=–≥. –ú–∏–Ω—Å–∫, —É–ª. –°–ª–∞–≤–∏–Ω—Å–∫–æ–≥–æ, –¥. 67, phone=+375291111114, workingHours=—Å 09:00 –¥–æ 19:00 (–±–µ–∑ –≤—ã—Ö–æ–¥–Ω—ã—Ö)]]
2018-01-04 11:08:36 [main] DEBUG BicycleDAOTest:26 - Bicycle [id=13, model=BicycleModel [id=7, type=BicycleType [id=1, name=–í–∑—Ä–æ—Å–ª—ã–π], model=Navigator 310 G, firm=Stels, notes=–≥–æ—Ä–æ–¥—Å–∫–æ–π, —Ä–∞–º–∞ —Å—Ç–∞–ª—å Hi-ten, –∫–æ–ª–µ—Å–∞ 28", –≤–∏–ª–∫–∞ –∂–µ—Å—Ç–∫–∞—è, —Ç—Ä–∞–Ω—Å–º–∏—Å—Å–∏—è 1 —Å–∫–æ—Ä., —Ç–æ—Ä–º–æ–∑–∞ –æ—Ç—Å—É—Ç—Å—Ç–≤—É–µ—Ç + –Ω–æ–∂–Ω–æ–π, –≤–µ—Å 17.2 –∫–≥], point=RentalPoint [id=4, address=–≥. –ú–∏–Ω—Å–∫, —É–ª. –°–ª–∞–≤–∏–Ω—Å–∫–æ–≥–æ, –¥. 67, phone=+375291111114, workingHours=—Å 09:00 –¥–æ 19:00 (–±–µ–∑ –≤—ã—Ö–æ–¥–Ω—ã—Ö)]]
2018-01-04 11:08:36 [main] DEBUG BicycleDAOTest:26 - Bicycle [id=16, model=BicycleModel [id=2, type=BicycleType [id=1, name=–í–∑—Ä–æ—Å–ª—ã–π], model=Rocco 30, firm=LTD, notes=–≥–æ—Ä–Ω—ã–π, —Ä–∞–º–∞ –∞–ª—é–º–∏–Ω–∏–π, –∫–æ–ª–µ—Å–∞ 26", —Ç—Ä–∞–Ω—Å–º–∏—Å—Å–∏—è 21 —Å–∫–æ—Ä., —Ç–æ—Ä–º–æ–∑–∞ –æ–±–æ–¥–Ω–æ–π –º–µ—Ö–∞–Ω–∏—á–µ—Å–∫–∏–π + –æ–±–æ–¥–Ω–æ–π –º–µ—Ö–∞–Ω–∏—á–µ—Å–∫–∏–π], point=RentalPoint [id=2, address=–≥. –ú–∏–Ω—Å–∫, –ø—Ä. –ù–µ–∑–∞–≤–∏—Å–∏–º–æ—Å—Ç–∏, –¥. 120, phone=+375291111112, workingHours=—Å 09:00 –¥–æ 18:00 (–±–µ–∑ –≤—ã—Ö–æ–¥–Ω—ã—Ö)]]
2018-01-04 11:08:36 [main] DEBUG BicycleDAOTest:26 - Bicycle [id=17, model=BicycleModel [id=3, type=BicycleType [id=1, name=–í–∑—Ä–æ—Å–ª—ã–π], model=Nevada 2.0, firm=FUJI, notes=–≥–æ—Ä–Ω—ã–π, —Ä–∞–º–∞ –∞–ª—é–º–∏–Ω–∏–π, –∫–æ–ª–µ—Å–∞ 26", —Ç—Ä–∞–Ω—Å–º–∏—Å—Å–∏—è 27 —Å–∫–æ—Ä., —Ç–æ—Ä–º–æ–∑–∞ –¥–∏—Å–∫–æ–≤—ã–π –≥–∏–¥—Ä–∞–≤–ª–∏—á–µ—Å–∫–∏–π + –¥–∏—Å–∫–æ–≤—ã–π –≥–∏–¥—Ä–∞–≤–ª–∏—á–µ—Å–∫–∏–π], point=RentalPoint [id=2, address=–≥. –ú–∏–Ω—Å–∫, –ø—Ä. –ù–µ–∑–∞–≤–∏—Å–∏–º–æ—Å—Ç–∏, –¥. 120, phone=+375291111112, workingHours=—Å 09:00 –¥–æ 18:00 (–±–µ–∑ –≤—ã—Ö–æ–¥–Ω—ã—Ö)]]
2018-01-04 11:08:36 [main] DEBUG BicycleDAOTest:26 - Bicycle [id=18, model=BicycleModel [id=3, type=BicycleType [id=1, name=–í–∑—Ä–æ—Å–ª—ã–π], model=Nevada 2.0, firm=FUJI, notes=–≥–æ—Ä–Ω—ã–π, —Ä–∞–º–∞ –∞–ª—é–º–∏–Ω–∏–π, –∫–æ–ª–µ—Å–∞ 26", —Ç—Ä–∞–Ω—Å–º–∏—Å—Å–∏—è 27 —Å–∫–æ—Ä., —Ç–æ—Ä–º–æ–∑–∞ –¥–∏—Å–∫–æ–≤—ã–π –≥–∏–¥—Ä–∞–≤–ª–∏—á–µ—Å–∫–∏–π + –¥–∏—Å–∫–æ–≤—ã–π –≥–∏–¥—Ä–∞–≤–ª–∏—á–µ—Å–∫–∏–π], point=RentalPoint [id=3, address=–≥. –ú–∏–Ω—Å–∫, —É–ª. –Ø.–ö–æ–ª–∞—Å–∞, –¥. 55, phone=+375291111113, workingHours=—Å 09:00 –¥–æ 18:00 (–±–µ–∑ –≤—ã—Ö–æ–¥–Ω—ã—Ö)]]
2018-01-04 11:08:36 [main] DEBUG BicycleDAOTest:26 - Bicycle [id=19, model=BicycleModel [id=4, type=BicycleType [id=1, name=–í–∑—Ä–æ—Å–ª—ã–π], model=Silent Night, firm=LTD, notes=–≥–æ—Ä–Ω—ã–π, –∂–µ–Ω—Å–∫–∏–π, —Ä–∞–º–∞ –∞–ª—é–º–∏–Ω–∏–π, –∫–æ–ª–µ—Å–∞ 26", —Ç—Ä–∞–Ω—Å–º–∏—Å—Å–∏—è 21 —Å–∫–æ—Ä., —Ç–æ—Ä–º–æ–∑–∞ –æ–±–æ–¥–Ω–æ–π –º–µ—Ö–∞–Ω–∏—á–µ—Å–∫–∏–π + –æ–±–æ–¥–Ω–æ–π –º–µ—Ö–∞–Ω–∏—á–µ—Å–∫–∏–π], point=RentalPoint [id=3, address=–≥. –ú–∏–Ω—Å–∫, —É–ª. –Ø.–ö–æ–ª–∞—Å–∞, –¥. 55, phone=+375291111113, workingHours=—Å 09:00 –¥–æ 18:00 (–±–µ–∑ –≤—ã—Ö–æ–¥–Ω—ã—Ö)]]
2018-01-04 11:08:36 [main] DEBUG BicycleDAOTest:26 - Bicycle [id=20, model=BicycleModel [id=4, type=BicycleType [id=1, name=–í–∑—Ä–æ—Å–ª—ã–π], model=Silent Night, firm=LTD, notes=–≥–æ—Ä–Ω—ã–π, –∂–µ–Ω—Å–∫–∏–π, —Ä–∞–º–∞ –∞–ª—é–º–∏–Ω–∏–π, –∫–æ–ª–µ—Å–∞ 26", —Ç—Ä–∞–Ω—Å–º–∏—Å—Å–∏—è 21 —Å–∫–æ—Ä., —Ç–æ—Ä–º–æ–∑–∞ –æ–±–æ–¥–Ω–æ–π –º–µ—Ö–∞–Ω–∏—á–µ—Å–∫–∏–π + –æ–±–æ–¥–Ω–æ–π –º–µ—Ö–∞–Ω–∏—á–µ—Å–∫–∏–π], point=RentalPoint [id=3, address=–≥. –ú–∏–Ω—Å–∫, —É–ª. –Ø.–ö–æ–ª–∞—Å–∞, –¥. 55, phone=+375291111113, workingHours=—Å 09:00 –¥–æ 18:00 (–±–µ–∑ –≤—ã—Ö–æ–¥–Ω—ã—Ö)]]
2018-01-04 11:08:36 [main] DEBUG BicycleDAOTest:26 - Bicycle [id=21, model=BicycleModel [id=2, type=BicycleType [id=1, name=–í–∑—Ä–æ—Å–ª—ã–π], model=Rocco 30, firm=LTD, notes=–≥–æ—Ä–Ω—ã–π, —Ä–∞–º–∞ –∞–ª—é–º–∏–Ω–∏–π, –∫–æ–ª–µ—Å–∞ 26", —Ç—Ä–∞–Ω—Å–º–∏—Å—Å–∏—è 21 —Å–∫–æ—Ä., —Ç–æ—Ä–º–æ–∑–∞ –æ–±–æ–¥–Ω–æ–π –º–µ—Ö–∞–Ω–∏—á–µ—Å–∫–∏–π + –æ–±–æ–¥–Ω–æ–π –º–µ—Ö–∞–Ω–∏—á–µ—Å–∫–∏–π], point=RentalPoint [id=3, address=–≥. –ú–∏–Ω—Å–∫, —É–ª. –Ø.–ö–æ–ª–∞—Å–∞, –¥. 55, phone=+375291111113, workingHours=—Å 09:00 –¥–æ 18:00 (–±–µ–∑ –≤—ã—Ö–æ–¥–Ω—ã—Ö)]]
2018-01-04 11:08:36 [main] DEBUG BicycleDAOTest:26 - Bicycle [id=7, model=BicycleModel [id=10, type=BicycleType [id=2, name=–î–µ—Ç—Å–∫–∏–π], model=Rosy Junior 1.0, firm=Aist, notes=–≥–æ—Ä–Ω—ã–π, –∂–µ–Ω—Å–∫–∏–π, –ø–æ–¥—Ä–æ—Å—Ç–∫–æ–≤—ã–π, —Ä–∞–º–∞ —Å—Ç–∞–ª—å Hi-ten, –∫–æ–ª–µ—Å–∞ 24", –≤–∏–ª–∫–∞ –∂–µ—Å—Ç–∫–∞—è, —Ç—Ä–∞–Ω—Å–º–∏—Å—Å–∏—è 6 —Å–∫–æ—Ä., —Ç–æ—Ä–º–æ–∑–∞ –æ–±–æ–¥–Ω–æ–π –º–µ—Ö–∞–Ω–∏—á–µ—Å–∫–∏–π + –æ–±–æ–¥–Ω–æ–π –º–µ—Ö–∞–Ω–∏—á–µ—Å–∫–∏–π], point=RentalPoint [id=3, address=–≥. –ú–∏–Ω—Å–∫, —É–ª. –Ø.–ö–æ–ª–∞—Å–∞, –¥. 55, phone=+375291111113, workingHours=—Å 09:00 –¥–æ 18:00 (–±–µ–∑ –≤—ã—Ö–æ–¥–Ω—ã—Ö)]]
2018-01-04 11:08:36 [main] DEBUG BicycleDAOTest:26 - Bicycle [id=9, model=BicycleModel [id=11, type=BicycleType [id=2, name=–î–µ—Ç—Å–∫–∏–π], model=Rocky Junior 1.0, firm=Aist, notes=–≥–æ—Ä–Ω—ã–π, –ø–æ–¥—Ä–æ—Å—Ç–∫–æ–≤—ã–π, —Ä–∞–º–∞ —Å—Ç–∞–ª—å Hi-ten, –∫–æ–ª–µ—Å–∞ 24", –≤–∏–ª–∫–∞ –∂–µ—Å—Ç–∫–∞—è, —Ç—Ä–∞–Ω—Å–º–∏—Å—Å–∏—è 6 —Å–∫–æ—Ä., —Ç–æ—Ä–º–æ–∑–∞ –æ–±–æ–¥–Ω–æ–π –º–µ—Ö–∞–Ω–∏—á–µ—Å–∫–∏–π + –æ–±–æ–¥–Ω–æ–π –º–µ—Ö–∞–Ω–∏—á–µ—Å–∫–∏–π], point=RentalPoint [id=5, address=–≥. –ú–∏–Ω—Å–∫, —É–ª. –†–µ—á–Ω–∞—è, –¥.89, phone=+375291111115, workingHours=—Å 09:00 –¥–æ 20:00 (–±–µ–∑ –≤—ã—Ö–æ–¥–Ω—ã—Ö)]]
2018-01-04 11:08:36 [main] DEBUG BicycleDAOTest:26 - Bicycle [id=11, model=BicycleModel [id=9, type=BicycleType [id=2, name=–î–µ—Ç—Å–∫–∏–π], model=Tanuki Boy 16, firm=Stark, notes=–¥–ª—è –º–∞–ª—å—á–∏–∫–æ–≤, –∫–æ–ª–∏—á–µ—Å—Ç–≤–æ –∫–æ–ª–µ—Å: 2+2, –≤–æ–∑—Ä–∞—Å—Ç: 3‚Äì6 –ª–µ—Ç, –∫–æ–ª–µ—Å–∞ 16'', —Ä–∞–º–∞: —Å—Ç–∞–ª—å Hi-ten], point=RentalPoint [id=4, address=–≥. –ú–∏–Ω—Å–∫, —É–ª. –°–ª–∞–≤–∏–Ω—Å–∫–æ–≥–æ, –¥. 67, phone=+375291111114, workingHours=—Å 09:00 –¥–æ 19:00 (–±–µ–∑ –≤—ã—Ö–æ–¥–Ω—ã—Ö)]]
2018-01-04 11:08:36 [main] DEBUG BicycleDAOTest:26 - Bicycle [id=12, model=BicycleModel [id=9, type=BicycleType [id=2, name=–î–µ—Ç—Å–∫–∏–π], model=Tanuki Boy 16, firm=Stark, notes=–¥–ª—è –º–∞–ª—å—á–∏–∫–æ–≤, –∫–æ–ª–∏—á–µ—Å—Ç–≤–æ –∫–æ–ª–µ—Å: 2+2, –≤–æ–∑—Ä–∞—Å—Ç: 3‚Äì6 –ª–µ—Ç, –∫–æ–ª–µ—Å–∞ 16'', —Ä–∞–º–∞: —Å—Ç–∞–ª—å Hi-ten], point=RentalPoint [id=4, address=–≥. –ú–∏–Ω—Å–∫, —É–ª. –°–ª–∞–≤–∏–Ω—Å–∫–æ–≥–æ, –¥. 67, phone=+375291111114, workingHours=—Å 09:00 –¥–æ 19:00 (–±–µ–∑ –≤—ã—Ö–æ–¥–Ω—ã—Ö)]]
2018-01-04 11:08:36 [main] DEBUG BicycleDAOTest:26 - Bicycle [id=14, model=BicycleModel [id=8, type=BicycleType [id=2, name=–î–µ—Ç—Å–∫–∏–π], model=Pirate 1.0, firm=Aist, notes=–¥–ª—è –º–∞–ª—å—á–∏–∫–æ–≤/–¥–ª—è –¥–µ–≤–æ—á–µ–∫, –∫–æ–ª–∏—á–µ—Å—Ç–≤–æ –∫–æ–ª–µ—Å: 2, –≤–æ–∑—Ä–∞—Å—Ç: 6‚Äì9 –ª–µ—Ç, –∫–æ–ª–µ—Å–∞ 20'', —Ä–∞–º–∞: —Å—Ç–∞–ª—å Hi-ten], point=RentalPoint [id=2, address=–≥. –ú–∏–Ω—Å–∫, –ø—Ä. –ù–µ–∑–∞–≤–∏—Å–∏–º–æ—Å—Ç–∏, –¥. 120, phone=+375291111112, workingHours=—Å 09:00 –¥–æ 18:00 (–±–µ–∑ –≤—ã—Ö–æ–¥–Ω—ã—Ö)]]
2018-01-04 11:08:36 [main] DEBUG BicycleDAOTest:26 - Bicycle [id=15, model=BicycleModel [id=16, type=BicycleType [id=3, name=–¢–∞–Ω–¥–µ–º], model=Road Tandem 2, firm=Cannondale, notes=—Ç–∞–Ω–¥–µ–º, —Ä–∞–º–∞ –∞–ª—é–º–∏–Ω–∏–π, –∫–æ–ª–µ—Å–∞ 28", –≤–∏–ª–∫–∞ –∂–µ—Å—Ç–∫–∞—è, —Ç—Ä–∞–Ω—Å–º–∏—Å—Å–∏—è 30 —Å–∫–æ—Ä., —Ç–æ—Ä–º–æ–∑–∞ –¥–∏—Å–∫–æ–≤—ã–π –º–µ—Ö–∞–Ω–∏—á–µ—Å–∫–∏–π + –¥–∏—Å–∫–æ–≤—ã–π –º–µ—Ö–∞–Ω–∏—á–µ—Å–∫–∏–π], point=RentalPoint [id=2, address=–≥. –ú–∏–Ω—Å–∫, –ø—Ä. –ù–µ–∑–∞–≤–∏—Å–∏–º–æ—Å—Ç–∏, –¥. 120, phone=+375291111112, workingHours=—Å 09:00 –¥–æ 18:00 (–±–µ–∑ –≤—ã—Ö–æ–¥–Ω—ã—Ö)]]
2018-01-04 13:49:29 [main] DEBUG BicycleDAOTest:32 - by.epam.bicycle.dao.DAOException: Cannot get bicycles
2018-01-04 13:50:24 [main] DEBUG BicycleDAOTest:32 - by.epam.bicycle.dao.DAOException: Cannot get bicycles
2018-01-04 13:50:24 [main] DEBUG BicycleDAOTest:33 - java.sql.SQLException: Parameter index out of range (3 > number of parameters, which is 2).
2018-01-04 13:51:26 [main] DEBUG BicycleDAOTest:27 - Bicycle [id=3, model=BicycleModel [id=1, type=BicycleType [id=1, name=–í–∑—Ä–æ—Å–ª—ã–π], model=Rocco 10, firm=LTD, notes=–≥–æ—Ä–Ω—ã–π, –º–∞—Ç–µ—Ä–∏–∞–ª —Ä–∞–º—ã: —Ö—Ä–æ–º-–º–æ–ª–∏–±–¥–µ–Ω–æ–≤–∞—è —Å—Ç–∞–ª—å, –∫–æ–ª–µ—Å–∞: 26", –∫–æ–ª–∏—á–µ—Å—Ç–≤–æ —Å–∫–æ—Ä–æ—Å—Ç–µ–π: 18, —Ç–∏–ø —Ç–æ—Ä–º–æ–∑–∞: –æ–±–æ–¥–Ω–æ–π –º–µ—Ö–∞–Ω–∏—á–µ—Å–∫–∏–π], point=RentalPoint [id=1, address=–≥. –ú–∏–Ω—Å–∫, —É–ª. –°–µ—Ä–æ–≤–∞, –¥.20, phone=+375291111111, workingHours=—Å 09:00 –¥–æ 18:00 (–±–µ–∑ –≤—ã—Ö–æ–¥–Ω—ã—Ö)]]
2018-01-04 14:02:09 [main] DEBUG BicycleDAOTest:32 - by.epam.bicycle.dao.DAOException: Cannot get bicycles
2018-01-04 14:02:09 [main] DEBUG BicycleDAOTest:33 - com.mysql.jdbc.exceptions.jdbc4.MySQLSyntaxErrorException: You have an error in your SQL syntax; check the manual that corresponds to your MySQL server version for the right syntax to use near 'likelike 'Rocco 10'' at line 1
2018-01-04 14:02:45 [main] DEBUG BicycleDAOTest:27 - Bicycle [id=3, model=BicycleModel [id=1, type=BicycleType [id=1, name=–í–∑—Ä–æ—Å–ª—ã–π], model=Rocco 10, firm=LTD, notes=–≥–æ—Ä–Ω—ã–π, –º–∞—Ç–µ—Ä–∏–∞–ª —Ä–∞–º—ã: —Ö—Ä–æ–º-–º–æ–ª–∏–±–¥–µ–Ω–æ–≤–∞—è —Å—Ç–∞–ª—å, –∫–æ–ª–µ—Å–∞: 26", –∫–æ–ª–∏—á–µ—Å—Ç–≤–æ —Å–∫–æ—Ä–æ—Å—Ç–µ–π: 18, —Ç–∏–ø —Ç–æ—Ä–º–æ–∑–∞: –æ–±–æ–¥–Ω–æ–π –º–µ—Ö–∞–Ω–∏—á–µ—Å–∫–∏–π], point=RentalPoint [id=1, address=–≥. –ú–∏–Ω—Å–∫, —É–ª. –°–µ—Ä–æ–≤–∞, –¥.20, phone=+375291111111, workingHours=—Å 09:00 –¥–æ 18:00 (–±–µ–∑ –≤—ã—Ö–æ–¥–Ω—ã—Ö)]]
2018-01-04 14:03:16 [main] DEBUG BicycleDAOTest:27 - Bicycle [id=2, model=BicycleModel [id=2, type=BicycleType [id=1, name=–í–∑—Ä–æ—Å–ª—ã–π], model=Rocco 30, firm=LTD, notes=–≥–æ—Ä–Ω—ã–π, —Ä–∞–º–∞ –∞–ª—é–º–∏–Ω–∏–π, –∫–æ–ª–µ—Å–∞ 26", —Ç—Ä–∞–Ω—Å–º–∏—Å—Å–∏—è 21 —Å–∫–æ—Ä., —Ç–æ—Ä–º–æ–∑–∞ –æ–±–æ–¥–Ω–æ–π –º–µ—Ö–∞–Ω–∏—á–µ—Å–∫–∏–π + –æ–±–æ–¥–Ω–æ–π –º–µ—Ö–∞–Ω–∏—á–µ—Å–∫–∏–π], point=RentalPoint [id=1, address=–≥. –ú–∏–Ω—Å–∫, —É–ª. –°–µ—Ä–æ–≤–∞, –¥.20, phone=+375291111111, workingHours=—Å 09:00 –¥–æ 18:00 (–±–µ–∑ –≤—ã—Ö–æ–¥–Ω—ã—Ö)]]
2018-01-04 14:03:16 [main] DEBUG BicycleDAOTest:27 - Bicycle [id=3, model=BicycleModel [id=1, type=BicycleType [id=1, name=–í–∑—Ä–æ—Å–ª—ã–π], model=Rocco 10, firm=LTD, notes=–≥–æ—Ä–Ω—ã–π, –º–∞—Ç–µ—Ä–∏–∞–ª —Ä–∞–º—ã: —Ö—Ä–æ–º-–º–æ–ª–∏–±–¥–µ–Ω–æ–≤–∞—è —Å—Ç–∞–ª—å, –∫–æ–ª–µ—Å–∞: 26", –∫–æ–ª–∏—á–µ—Å—Ç–≤–æ —Å–∫–æ—Ä–æ—Å—Ç–µ–π: 18, —Ç–∏–ø —Ç–æ—Ä–º–æ–∑–∞: –æ–±–æ–¥–Ω–æ–π –º–µ—Ö–∞–Ω–∏—á–µ—Å–∫–∏–π], point=RentalPoint [id=1, address=–≥. –ú–∏–Ω—Å–∫, —É–ª. –°–µ—Ä–æ–≤–∞, –¥.20, phone=+375291111111, workingHours=—Å 09:00 –¥–æ 18:00 (–±–µ–∑ –≤—ã—Ö–æ–¥–Ω—ã—Ö)]]
2018-01-04 14:03:16 [main] DEBUG BicycleDAOTest:27 - Bicycle [id=4, model=BicycleModel [id=2, type=BicycleType [id=1, name=–í–∑—Ä–æ—Å–ª—ã–π], model=Rocco 30, firm=LTD, notes=–≥–æ—Ä–Ω—ã–π, —Ä–∞–º–∞ –∞–ª—é–º–∏–Ω–∏–π, –∫–æ–ª–µ—Å–∞ 26", —Ç—Ä–∞–Ω—Å–º–∏—Å—Å–∏—è 21 —Å–∫–æ—Ä., —Ç–æ—Ä–º–æ–∑–∞ –æ–±–æ–¥–Ω–æ–π –º–µ—Ö–∞–Ω–∏—á–µ—Å–∫–∏–π + –æ–±–æ–¥–Ω–æ–π –º–µ—Ö–∞–Ω–∏—á–µ—Å–∫–∏–π], point=RentalPoint [id=1, address=–≥. –ú–∏–Ω—Å–∫, —É–ª. –°–µ—Ä–æ–≤–∞, –¥.20, phone=+375291111111, workingHours=—Å 09:00 –¥–æ 18:00 (–±–µ–∑ –≤—ã—Ö–æ–¥–Ω—ã—Ö)]]
2018-01-04 14:03:37 [main] DEBUG BicycleDAOTest:27 - Bicycle [id=2, model=BicycleModel [id=2, type=BicycleType [id=1, name=–í–∑—Ä–æ—Å–ª—ã–π], model=Rocco 30, firm=LTD, notes=–≥–æ—Ä–Ω—ã–π, —Ä–∞–º–∞ –∞–ª—é–º–∏–Ω–∏–π, –∫–æ–ª–µ—Å–∞ 26", —Ç—Ä–∞–Ω—Å–º–∏—Å—Å–∏—è 21 —Å–∫–æ—Ä., —Ç–æ—Ä–º–æ–∑–∞ –æ–±–æ–¥–Ω–æ–π –º–µ—Ö–∞–Ω–∏—á–µ—Å–∫–∏–π + –æ–±–æ–¥–Ω–æ–π –º–µ—Ö–∞–Ω–∏—á–µ—Å–∫–∏–π], point=RentalPoint [id=1, address=–≥. –ú–∏–Ω—Å–∫, —É–ª. –°–µ—Ä–æ–≤–∞, –¥.20, phone=+375291111111, workingHours=—Å 09:00 –¥–æ 18:00 (–±–µ–∑ –≤—ã—Ö–æ–¥–Ω—ã—Ö)]]
2018-01-04 14:03:37 [main] DEBUG BicycleDAOTest:27 - Bicycle [id=3, model=BicycleModel [id=1, type=BicycleType [id=1, name=–í–∑—Ä–æ—Å–ª—ã–π], model=Rocco 10, firm=LTD, notes=–≥–æ—Ä–Ω—ã–π, –º–∞—Ç–µ—Ä–∏–∞–ª —Ä–∞–º—ã: —Ö—Ä–æ–º-–º–æ–ª–∏–±–¥–µ–Ω–æ–≤–∞—è —Å—Ç–∞–ª—å, –∫–æ–ª–µ—Å–∞: 26", –∫–æ–ª–∏—á–µ—Å—Ç–≤–æ —Å–∫–æ—Ä–æ—Å—Ç–µ–π: 18, —Ç–∏–ø —Ç–æ—Ä–º–æ–∑–∞: –æ–±–æ–¥–Ω–æ–π –º–µ—Ö–∞–Ω–∏—á–µ—Å–∫–∏–π], point=RentalPoint [id=1, address=–≥. –ú–∏–Ω—Å–∫, —É–ª. –°–µ—Ä–æ–≤–∞, –¥.20, phone=+375291111111, workingHours=—Å 09:00 –¥–æ 18:00 (–±–µ–∑ –≤—ã—Ö–æ–¥–Ω—ã—Ö)]]
2018-01-04 14:03:37 [main] DEBUG BicycleDAOTest:27 - Bicycle [id=4, model=BicycleModel [id=2, type=BicycleType [id=1, name=–í–∑—Ä–æ—Å–ª—ã–π], model=Rocco 30, firm=LTD, notes=–≥–æ—Ä–Ω—ã–π, —Ä–∞–º–∞ –∞–ª—é–º–∏–Ω–∏–π, –∫–æ–ª–µ—Å–∞ 26", —Ç—Ä–∞–Ω—Å–º–∏—Å—Å–∏—è 21 —Å–∫–æ—Ä., —Ç–æ—Ä–º–æ–∑–∞ –æ–±–æ–¥–Ω–æ–π –º–µ—Ö–∞–Ω–∏—á–µ—Å–∫–∏–π + –æ–±–æ–¥–Ω–æ–π –º–µ—Ö–∞–Ω–∏—á–µ—Å–∫–∏–π], point=RentalPoint [id=1, address=–≥. –ú–∏–Ω—Å–∫, —É–ª. –°–µ—Ä–æ–≤–∞, –¥.20, phone=+375291111111, workingHours=—Å 09:00 –¥–æ 18:00 (–±–µ–∑ –≤—ã—Ö–æ–¥–Ω—ã—Ö)]]
2018-01-04 14:03:49 [main] DEBUG BicycleDAOTest:27 - Bicycle [id=6, model=BicycleModel [id=5, type=BicycleType [id=1, name=–í–∑—Ä–æ—Å–ª—ã–π], model=Miss 3.0, firm=LTD, notes=–≥–æ—Ä–Ω—ã–π, –∂–µ–Ω—Å–∫–∏–π, —Ä–∞–º–∞ –∞–ª—é–º–∏–Ω–∏–π, –∫–æ–ª–µ—Å–∞ 26", —Ç—Ä–∞–Ω—Å–º–∏—Å—Å–∏—è 21 —Å–∫–æ—Ä., —Ç–æ—Ä–º–æ–∑–∞ –æ–±–æ–¥–Ω–æ–π –º–µ—Ö–∞–Ω–∏—á–µ—Å–∫–∏–π + –æ–±–æ–¥–Ω–æ–π –º–µ—Ö–∞–Ω–∏—á–µ—Å–∫–∏–π], point=RentalPoint [id=2, address=–≥. –ú–∏–Ω—Å–∫, –ø—Ä. –ù–µ–∑–∞–≤–∏—Å–∏–º–æ—Å—Ç–∏, –¥. 120, phone=+375291111112, workingHours=—Å 09:00 –¥–æ 18:00 (–±–µ–∑ –≤—ã—Ö–æ–¥–Ω—ã—Ö)]]
2018-01-04 14:03:49 [main] DEBUG BicycleDAOTest:27 - Bicycle [id=16, model=BicycleModel [id=2, type=BicycleType [id=1, name=–í–∑—Ä–æ—Å–ª—ã–π], model=Rocco 30, firm=LTD, notes=–≥–æ—Ä–Ω—ã–π, —Ä–∞–º–∞ –∞–ª—é–º–∏–Ω–∏–π, –∫–æ–ª–µ—Å–∞ 26", —Ç—Ä–∞–Ω—Å–º–∏—Å—Å–∏—è 21 —Å–∫–æ—Ä., —Ç–æ—Ä–º–æ–∑–∞ –æ–±–æ–¥–Ω–æ–π –º–µ—Ö–∞–Ω–∏—á–µ—Å–∫–∏–π + –æ–±–æ–¥–Ω–æ–π –º–µ—Ö–∞–Ω–∏—á–µ—Å–∫–∏–π], point=RentalPoint [id=2, address=–≥. –ú–∏–Ω—Å–∫, –ø—Ä. –ù–µ–∑–∞–≤–∏—Å–∏–º–æ—Å—Ç–∏, –¥. 120, phone=+375291111112, workingHours=—Å 09:00 –¥–æ 18:00 (–±–µ–∑ –≤—ã—Ö–æ–¥–Ω—ã—Ö)]]
2018-01-04 14:03:49 [main] DEBUG BicycleDAOTest:27 - Bicycle [id=17, model=BicycleModel [id=3, type=BicycleType [id=1, name=–í–∑—Ä–æ—Å–ª—ã–π], model=Nevada 2.0, firm=FUJI, notes=–≥–æ—Ä–Ω—ã–π, —Ä–∞–º–∞ –∞–ª—é–º–∏–Ω–∏–π, –∫–æ–ª–µ—Å–∞ 26", —Ç—Ä–∞–Ω—Å–º–∏—Å—Å–∏—è 27 —Å–∫–æ—Ä., —Ç–æ—Ä–º–æ–∑–∞ –¥–∏—Å–∫–æ–≤—ã–π –≥–∏–¥—Ä–∞–≤–ª–∏—á–µ—Å–∫–∏–π + –¥–∏—Å–∫–æ–≤—ã–π –≥–∏–¥—Ä–∞–≤–ª–∏—á–µ—Å–∫–∏–π], point=RentalPoint [id=2, address=–≥. –ú–∏–Ω—Å–∫, –ø—Ä. –ù–µ–∑–∞–≤–∏—Å–∏–º–æ—Å—Ç–∏, –¥. 120, phone=+375291111112, workingHours=—Å 09:00 –¥–æ 18:00 (–±–µ–∑ –≤—ã—Ö–æ–¥–Ω—ã—Ö)]]
2018-01-04 14:03:49 [main] DEBUG BicycleDAOTest:27 - Bicycle [id=14, model=BicycleModel [id=8, type=BicycleType [id=2, name=–î–µ—Ç—Å–∫–∏–π], model=Pirate 1.0, firm=Aist, notes=–¥–ª—è –º–∞–ª—å—á–∏–∫–æ–≤/–¥–ª—è –¥–µ–≤–æ—á–µ–∫, –∫–æ–ª–∏—á–µ—Å—Ç–≤–æ –∫–æ–ª–µ—Å: 2, –≤–æ–∑—Ä–∞—Å—Ç: 6‚Äì9 –ª–µ—Ç, –∫–æ–ª–µ—Å–∞ 20'', —Ä–∞–º–∞: —Å—Ç–∞–ª—å Hi-ten], point=RentalPoint [id=2, address=–≥. –ú–∏–Ω—Å–∫, –ø—Ä. –ù–µ–∑–∞–≤–∏—Å–∏–º–æ—Å—Ç–∏, –¥. 120, phone=+375291111112, workingHours=—Å 09:00 –¥–æ 18:00 (–±–µ–∑ –≤—ã—Ö–æ–¥–Ω—ã—Ö)]]
2018-01-04 14:03:49 [main] DEBUG BicycleDAOTest:27 - Bicycle [id=15, model=BicycleModel [id=16, type=BicycleType [id=3, name=–¢–∞–Ω–¥–µ–º], model=Road Tandem 2, firm=Cannondale, notes=—Ç–∞–Ω–¥–µ–º, —Ä–∞–º–∞ –∞–ª—é–º–∏–Ω–∏–π, –∫–æ–ª–µ—Å–∞ 28", –≤–∏–ª–∫–∞ –∂–µ—Å—Ç–∫–∞—è, —Ç—Ä–∞–Ω—Å–º–∏—Å—Å–∏—è 30 —Å–∫–æ—Ä., —Ç–æ—Ä–º–æ–∑–∞ –¥–∏—Å–∫–æ–≤—ã–π –º–µ—Ö–∞–Ω–∏—á–µ—Å–∫–∏–π + –¥–∏—Å–∫–æ–≤—ã–π –º–µ—Ö–∞–Ω–∏—á–µ—Å–∫–∏–π], point=RentalPoint [id=2, address=–≥. –ú–∏–Ω—Å–∫, –ø—Ä. –ù–µ–∑–∞–≤–∏—Å–∏–º–æ—Å—Ç–∏, –¥. 120, phone=+375291111112, workingHours=—Å 09:00 –¥–æ 18:00 (–±–µ–∑ –≤—ã—Ö–æ–¥–Ω—ã—Ö)]]
2018-01-04 14:04:20 [main] DEBUG BicycleDAOTest:27 - Bicycle [id=14, model=BicycleModel [id=8, type=BicycleType [id=2, name=–î–µ—Ç—Å–∫–∏–π], model=Pirate 1.0, firm=Aist, notes=–¥–ª—è –º–∞–ª—å—á–∏–∫–æ–≤/–¥–ª—è –¥–µ–≤–æ—á–µ–∫, –∫–æ–ª–∏—á–µ—Å—Ç–≤–æ –∫–æ–ª–µ—Å: 2, –≤–æ–∑—Ä–∞—Å—Ç: 6‚Äì9 –ª–µ—Ç, –∫–æ–ª–µ—Å–∞ 20'', —Ä–∞–º–∞: —Å—Ç–∞–ª—å Hi-ten], point=RentalPoint [id=2, address=–≥. –ú–∏–Ω—Å–∫, –ø—Ä. –ù–µ–∑–∞–≤–∏—Å–∏–º–æ—Å—Ç–∏, –¥. 120, phone=+375291111112, workingHours=—Å 09:00 –¥–æ 18:00 (–±–µ–∑ –≤—ã—Ö–æ–¥–Ω—ã—Ö)]]
2018-01-04 14:04:36 [main] DEBUG BicycleDAOTest:27 - Bicycle [id=6, model=BicycleModel [id=5, type=BicycleType [id=1, name=–í–∑—Ä–æ—Å–ª—ã–π], model=Miss 3.0, firm=LTD, notes=–≥–æ—Ä–Ω—ã–π, –∂–µ–Ω—Å–∫–∏–π, —Ä–∞–º–∞ –∞–ª—é–º–∏–Ω–∏–π, –∫–æ–ª–µ—Å–∞ 26", —Ç—Ä–∞–Ω—Å–º–∏—Å—Å–∏—è 21 —Å–∫–æ—Ä., —Ç–æ—Ä–º–æ–∑–∞ –æ–±–æ–¥–Ω–æ–π –º–µ—Ö–∞–Ω–∏—á–µ—Å–∫–∏–π + –æ–±–æ–¥–Ω–æ–π –º–µ—Ö–∞–Ω–∏—á–µ—Å–∫–∏–π], point=RentalPoint [id=2, address=–≥. –ú–∏–Ω—Å–∫, –ø—Ä. –ù–µ–∑–∞–≤–∏—Å–∏–º–æ—Å—Ç–∏, –¥. 120, phone=+375291111112, workingHours=—Å 09:00 –¥–æ 18:00 (–±–µ–∑ –≤—ã—Ö–æ–¥–Ω—ã—Ö)]]
2018-01-04 14:04:36 [main] DEBUG BicycleDAOTest:27 - Bicycle [id=16, model=BicycleModel [id=2, type=BicycleType [id=1, name=–í–∑—Ä–æ—Å–ª—ã–π], model=Rocco 30, firm=LTD, notes=–≥–æ—Ä–Ω—ã–π, —Ä–∞–º–∞ –∞–ª—é–º–∏–Ω–∏–π, –∫–æ–ª–µ—Å–∞ 26", —Ç—Ä–∞–Ω—Å–º–∏—Å—Å–∏—è 21 —Å–∫–æ—Ä., —Ç–æ—Ä–º–æ–∑–∞ –æ–±–æ–¥–Ω–æ–π –º–µ—Ö–∞–Ω–∏—á–µ—Å–∫–∏–π + –æ–±–æ–¥–Ω–æ–π –º–µ—Ö–∞–Ω–∏—á–µ—Å–∫–∏–π], point=RentalPoint [id=2, address=–≥. –ú–∏–Ω—Å–∫, –ø—Ä. –ù–µ–∑–∞–≤–∏—Å–∏–º–æ—Å—Ç–∏, –¥. 120, phone=+375291111112, workingHours=—Å 09:00 –¥–æ 18:00 (–±–µ–∑ –≤—ã—Ö–æ–¥–Ω—ã—Ö)]]
2018-01-04 14:04:36 [main] DEBUG BicycleDAOTest:27 - Bicycle [id=17, model=BicycleModel [id=3, type=BicycleType [id=1, name=–í–∑—Ä–æ—Å–ª—ã–π], model=Nevada 2.0, firm=FUJI, notes=–≥–æ—Ä–Ω—ã–π, —Ä–∞–º–∞ –∞–ª—é–º–∏–Ω–∏–π, –∫–æ–ª–µ—Å–∞ 26", —Ç—Ä–∞–Ω—Å–º–∏—Å—Å–∏—è 27 —Å–∫–æ—Ä., —Ç–æ—Ä–º–æ–∑–∞ –¥–∏—Å–∫–æ–≤—ã–π –≥–∏–¥—Ä–∞–≤–ª–∏—á–µ—Å–∫–∏–π + –¥–∏—Å–∫–æ–≤—ã–π –≥–∏–¥—Ä–∞–≤–ª–∏—á–µ—Å–∫–∏–π], point=RentalPoint [id=2, address=–≥. –ú–∏–Ω—Å–∫, –ø—Ä. –ù–µ–∑–∞–≤–∏—Å–∏–º–æ—Å—Ç–∏, –¥. 120, phone=+375291111112, workingHours=—Å 09:00 –¥–æ 18:00 (–±–µ–∑ –≤—ã—Ö–æ–¥–Ω—ã—Ö)]]
2018-01-04 14:04:36 [main] DEBUG BicycleDAOTest:27 - Bicycle [id=14, model=BicycleModel [id=8, type=BicycleType [id=2, name=–î–µ—Ç—Å–∫–∏–π], model=Pirate 1.0, firm=Aist, notes=–¥–ª—è –º–∞–ª—å—á–∏–∫–æ–≤/–¥–ª—è –¥–µ–≤–æ—á–µ–∫, –∫–æ–ª–∏—á–µ—Å—Ç–≤–æ –∫–æ–ª–µ—Å: 2, –≤–æ–∑—Ä–∞—Å—Ç: 6‚Äì9 –ª–µ—Ç, –∫–æ–ª–µ—Å–∞ 20'', —Ä–∞–º–∞: —Å—Ç–∞–ª—å Hi-ten], point=RentalPoint [id=2, address=–≥. –ú–∏–Ω—Å–∫, –ø—Ä. –ù–µ–∑–∞–≤–∏—Å–∏–º–æ—Å—Ç–∏, –¥. 120, phone=+375291111112, workingHours=—Å 09:00 –¥–æ 18:00 (–±–µ–∑ –≤—ã—Ö–æ–¥–Ω—ã—Ö)]]
2018-01-04 14:04:36 [main] DEBUG BicycleDAOTest:27 - Bicycle [id=15, model=BicycleModel [id=16, type=BicycleType [id=3, name=–¢–∞–Ω–¥–µ–º], model=Road Tandem 2, firm=Cannondale, notes=—Ç–∞–Ω–¥–µ–º, —Ä–∞–º–∞ –∞–ª—é–º–∏–Ω–∏–π, –∫–æ–ª–µ—Å–∞ 28", –≤–∏–ª–∫–∞ –∂–µ—Å—Ç–∫–∞—è, —Ç—Ä–∞–Ω—Å–º–∏—Å—Å–∏—è 30 —Å–∫–æ—Ä., —Ç–æ—Ä–º–æ–∑–∞ –¥–∏—Å–∫–æ–≤—ã–π –º–µ—Ö–∞–Ω–∏—á–µ—Å–∫–∏–π + –¥–∏—Å–∫–æ–≤—ã–π –º–µ—Ö–∞–Ω–∏—á–µ—Å–∫–∏–π], point=RentalPoint [id=2, address=–≥. –ú–∏–Ω—Å–∫, –ø—Ä. –ù–µ–∑–∞–≤–∏—Å–∏–º–æ—Å—Ç–∏, –¥. 120, phone=+375291111112, workingHours=—Å 09:00 –¥–æ 18:00 (–±–µ–∑ –≤—ã—Ö–æ–¥–Ω—ã—Ö)]]
2018-01-04 14:06:12 [main] DEBUG BicycleDAOTest:27 - Bicycle [id=6, model=BicycleModel [id=5, type=BicycleType [id=1, name=–í–∑—Ä–æ—Å–ª—ã–π], model=Miss 3.0, firm=LTD, notes=–≥–æ—Ä–Ω—ã–π, –∂–µ–Ω—Å–∫–∏–π, —Ä–∞–º–∞ –∞–ª—é–º–∏–Ω–∏–π, –∫–æ–ª–µ—Å–∞ 26", —Ç—Ä–∞–Ω—Å–º–∏—Å—Å–∏—è 21 —Å–∫–æ—Ä., —Ç–æ—Ä–º–æ–∑–∞ –æ–±–æ–¥–Ω–æ–π –º–µ—Ö–∞–Ω–∏—á–µ—Å–∫–∏–π + –æ–±–æ–¥–Ω–æ–π –º–µ—Ö–∞–Ω–∏—á–µ—Å–∫–∏–π], point=RentalPoint [id=2, address=–≥. –ú–∏–Ω—Å–∫, –ø—Ä. –ù–µ–∑–∞–≤–∏—Å–∏–º–æ—Å—Ç–∏, –¥. 120, phone=+375291111112, workingHours=—Å 09:00 –¥–æ 18:00 (–±–µ–∑ –≤—ã—Ö–æ–¥–Ω—ã—Ö)]]
2018-01-04 14:06:12 [main] DEBUG BicycleDAOTest:27 - Bicycle [id=16, model=BicycleModel [id=2, type=BicycleType [id=1, name=–í–∑—Ä–æ—Å–ª—ã–π], model=Rocco 30, firm=LTD, notes=–≥–æ—Ä–Ω—ã–π, —Ä–∞–º–∞ –∞–ª—é–º–∏–Ω–∏–π, –∫–æ–ª–µ—Å–∞ 26", —Ç—Ä–∞–Ω—Å–º–∏—Å—Å–∏—è 21 —Å–∫–æ—Ä., —Ç–æ—Ä–º–æ–∑–∞ –æ–±–æ–¥–Ω–æ–π –º–µ—Ö–∞–Ω–∏—á–µ—Å–∫–∏–π + –æ–±–æ–¥–Ω–æ–π –º–µ—Ö–∞–Ω–∏—á–µ—Å–∫–∏–π], point=RentalPoint [id=2, address=–≥. –ú–∏–Ω—Å–∫, –ø—Ä. –ù–µ–∑–∞–≤–∏—Å–∏–º–æ—Å—Ç–∏, –¥. 120, phone=+375291111112, workingHours=—Å 09:00 –¥–æ 18:00 (–±–µ–∑ –≤—ã—Ö–æ–¥–Ω—ã—Ö)]]
2018-01-04 14:06:12 [main] DEBUG BicycleDAOTest:27 - Bicycle [id=17, model=BicycleModel [id=3, type=BicycleType [id=1, name=–í–∑—Ä–æ—Å–ª—ã–π], model=Nevada 2.0, firm=FUJI, notes=–≥–æ—Ä–Ω—ã–π, —Ä–∞–º–∞ –∞–ª—é–º–∏–Ω–∏–π, –∫–æ–ª–µ—Å–∞ 26", —Ç—Ä–∞–Ω—Å–º–∏—Å—Å–∏—è 27 —Å–∫–æ—Ä., —Ç–æ—Ä–º–æ–∑–∞ –¥–∏—Å–∫–æ–≤—ã–π –≥–∏–¥—Ä–∞–≤–ª–∏—á–µ—Å–∫–∏–π + –¥–∏—Å–∫–æ–≤—ã–π –≥–∏–¥—Ä–∞–≤–ª–∏—á–µ—Å–∫–∏–π], point=RentalPoint [id=2, address=–≥. –ú–∏–Ω—Å–∫, –ø—Ä. –ù–µ–∑–∞–≤–∏—Å–∏–º–æ—Å—Ç–∏, –¥. 120, phone=+375291111112, workingHours=—Å 09:00 –¥–æ 18:00 (–±–µ–∑ –≤—ã—Ö–æ–¥–Ω—ã—Ö)]]
2018-01-05 06:31:45 [main] DEBUG TariffDAOTest:31 - by.epam.bicycle.dao.DAOException: Cannot get tariffs
2018-01-05 06:31:45 [main] DEBUG TariffDAOTest:32 - java.sql.SQLException: Column 'decription' not found.
2018-01-05 06:32:45 [main] DEBUG TariffDAOTest:26 - Tariff [id=1, rentalTime=0.5, price=3.00, bicycleType=BicycleType [id=1, name=–í–∑—Ä–æ—Å–ª—ã–π], description=–ø–æ–ª—á–∞—Å–∞]
2018-01-05 06:32:45 [main] DEBUG TariffDAOTest:26 - Tariff [id=2, rentalTime=1.0, price=5.00, bicycleType=BicycleType [id=1, name=–í–∑—Ä–æ—Å–ª—ã–π], description=1 —á–∞—Å]
2018-01-05 06:32:45 [main] DEBUG TariffDAOTest:26 - Tariff [id=3, rentalTime=2.0, price=8.00, bicycleType=BicycleType [id=1, name=–í–∑—Ä–æ—Å–ª—ã–π], description=2 —á–∞—Å–∞]
2018-01-05 06:32:45 [main] DEBUG TariffDAOTest:26 - Tariff [id=4, rentalTime=3.0, price=12.00, bicycleType=BicycleType [id=1, name=–í–∑—Ä–æ—Å–ª—ã–π], description=3 —á–∞—Å–∞]
2018-01-05 06:32:45 [main] DEBUG TariffDAOTest:26 - Tariff [id=5, rentalTime=24.0, price=15.00, bicycleType=BicycleType [id=1, name=–í–∑—Ä–æ—Å–ª—ã–π], description=—Å—É—Ç–∫–∏]
